{"level":"info","message":"Navigated to URL","timestamp":"2020-04-14T06:16:10.844Z"}
{"level":"info","message":"Clicked on Register Button","timestamp":"2020-04-14T06:16:40.845Z"}
{"level":"info","message":"Entered Name","timestamp":"2020-04-14T06:16:40.846Z"}
{"level":"info","message":"Entered Email","timestamp":"2020-04-14T06:16:40.846Z"}
{"level":"info","message":"Entered Password","timestamp":"2020-04-14T06:16:40.846Z"}
{"level":"info","message":"Confirm password","timestamp":"2020-04-14T06:16:40.846Z"}
{"level":"info","message":"Click register button","timestamp":"2020-04-14T06:16:40.846Z"}
{"level":"info","message":"Navigated to URL","timestamp":"2020-04-14T06:19:41.446Z"}
{"level":"info","message":"Clicked on Register Button","timestamp":"2020-04-14T06:20:11.450Z"}
{"level":"info","message":"Entered Name","timestamp":"2020-04-14T06:20:11.451Z"}
{"level":"info","message":"Entered Email","timestamp":"2020-04-14T06:20:11.451Z"}
{"level":"info","message":"Entered Password","timestamp":"2020-04-14T06:20:11.451Z"}
{"level":"info","message":"Confirm password","timestamp":"2020-04-14T06:20:11.451Z"}
{"level":"info","message":"Click register button","timestamp":"2020-04-14T06:20:11.451Z"}
{"level":"info","message":"Navigated to URL","timestamp":"2020-04-17T03:45:54.718Z"}
{"level":"info","message":"Clicked on Register Button","timestamp":"2020-04-17T03:46:00.873Z"}
{"level":"info","message":"Entered Name","timestamp":"2020-04-17T03:46:00.873Z"}
{"level":"info","message":"Entered Email","timestamp":"2020-04-17T03:46:00.874Z"}
{"level":"info","message":"Entered Password","timestamp":"2020-04-17T03:46:00.874Z"}
{"level":"info","message":"Confirm password","timestamp":"2020-04-17T03:46:00.874Z"}
{"level":"info","message":"Click register button","timestamp":"2020-04-17T03:46:00.874Z"}
{"level":"info","message":"Navigated to URL","timestamp":"2020-04-22T02:22:32.644Z"}
{"level":"info","message":"Clicked on Register Button","timestamp":"2020-04-22T02:22:39.624Z"}
{"level":"info","message":"Entered Name","timestamp":"2020-04-22T02:22:39.624Z"}
{"level":"info","message":"Entered Email","timestamp":"2020-04-22T02:22:39.625Z"}
{"level":"info","message":"Entered Password","timestamp":"2020-04-22T02:22:39.625Z"}
{"level":"info","message":"Confirm password","timestamp":"2020-04-22T02:22:39.625Z"}
{"level":"info","message":"Click register button","timestamp":"2020-04-22T02:22:39.625Z"}
{"level":"info","message":"Navigated to URL","timestamp":"2020-04-27T04:17:59.429Z"}
{"level":"info","message":"Clicked on Register Button","timestamp":"2020-04-27T04:18:07.634Z"}
{"level":"info","message":"Entered Name","timestamp":"2020-04-27T04:18:07.634Z"}
{"level":"info","message":"Entered Email","timestamp":"2020-04-27T04:18:07.635Z"}
{"level":"info","message":"Entered Password","timestamp":"2020-04-27T04:18:07.635Z"}
{"level":"info","message":"Confirm password","timestamp":"2020-04-27T04:18:07.635Z"}
{"level":"info","message":"Click register button","timestamp":"2020-04-27T04:18:07.635Z"}
